This file contains any messages produced by compilers while
running configure, to aid debugging if configure makes a mistake.

It was created by configure, which was
generated by GNU Autoconf 2.69.  Invocation command line was

  $ ./configure 

## --------- ##
## Platform. ##
## --------- ##

hostname = yayu-osx
uname -m = x86_64
uname -r = 14.1.0
uname -s = Darwin
uname -v = Darwin Kernel Version 14.1.0: Thu Nov 13 18:36:56 PST 2014; root:xnu-2782.10.65~2/RELEASE_X86_64

/usr/bin/uname -p = i386
/bin/uname -X     = unknown

/bin/arch              = unknown
/usr/bin/arch -k       = unknown
/usr/convex/getsysinfo = unknown
/usr/bin/hostinfo      = Mach kernel version:
	 Darwin Kernel Version 14.1.0: Thu Nov 13 18:36:56 PST 2014; root:xnu-2782.10.65~2/RELEASE_X86_64
Kernel configured for up to 4 processors.
2 processors are physically available.
4 processors are logically available.
Processor type: x86_64h (Intel x86-64h Haswell)
Processors active: 0 1 2 3
Primary memory available: 8.00 gigabytes
Default processor set: 282 tasks, 1311 threads, 4 processors
Load average: 2.30, Mach factor: 1.90
/bin/machine           = unknown
/usr/bin/oslevel       = unknown
/bin/universe          = unknown

PATH: /Library/Frameworks/GHC.framework/Versions/7.8.3-x86_64/usr//bin/
PATH: /Users/yayu/Software/gradle-1.12/bin
PATH: /Users/yayu/Software/groovy/bin
PATH: /Users/yayu/.opam/system/bin
PATH: /Library/Java/JavaVirtualMachines/jdk1.7.0_51.jdk/Contents/Home/bin
PATH: /Users/yayu/Software/bin
PATH: /Users/yayu/Software/bin
PATH: /usr/local/bin
PATH: /usr/bin
PATH: /bin
PATH: /usr/sbin
PATH: /sbin
PATH: /opt/X11/bin
PATH: /usr/local/go/bin
PATH: /usr/texbin
PATH: /opt/local/bin
PATH: /opt/local/sbin
PATH: /usr/local/go/bin
PATH: /Users/yayu/Golang/bin
PATH: /Users/yayu/ADT/sdk/tools
PATH: /usr/local/opt/llvm/bin
PATH: /Users/yayu/Code/perl/


## ----------- ##
## Core tests. ##
## ----------- ##

configure:1707: checking whether make sets $(MAKE)
configure:1729: result: yes
configure:1781: checking for a BSD-compatible install
configure:1849: result: /usr/bin/install -c
configure:1862: checking for makeinfo
configure:1878: found /usr/bin/makeinfo
configure:1890: result: makeinfo
configure:1900: checking for texi2dvi
configure:1916: found /usr/bin/texi2dvi
configure:1928: result: texi2dvi
configure:1938: checking for ptex
configure:1954: found /usr/texbin/ptex
configure:1966: result: ptex
configure:1976: checking for jbibtex
configure:2004: result: false
configure:2014: checking for dvipdfmx
configure:2030: found /usr/texbin/dvipdfmx
configure:2042: result: dvipdfmx
configure:2052: checking for texi2pdf
configure:2068: found /usr/bin/texi2pdf
configure:2080: result: texi2pdf
configure:2092: checking for egrep
configure:2108: found /usr/bin/egrep
configure:2119: result: egrep
configure:2324: checking for emacs
configure:2342: found /usr/local/bin/emacs
configure:2354: result: /usr/local/bin/emacs
configure:2381: checking what a flavor does /usr/local/bin/emacs have
/usr/local/bin/emacs -q -no-site-file -batch -eval '(let ((x (if (featurep (quote xemacs))
	"XEmacs"
      (concat "Emacs "
	      (mapconcat (function identity)
			 (nreverse
			  (cdr (nreverse
				(split-string emacs-version
					      (concat (vector 92 46))))))
			 "."))))) (write-region (format "%s" x) nil "./conftest-63379" nil 5))'
=> Emacs 24.3
configure:2425: result: Emacs 24.3
configure:2437: checking prefix for /usr/local/bin/emacs
/usr/local/bin/emacs -q -no-site-file -batch -eval '(let ((x (expand-file-name ".." invocation-directory))) (write-region (format "%s" x) nil "./conftest-63379" nil 5))'
=> /usr/local
configure:2468: result: /usr/local
configure:2476: checking where lisp files should go
configure:2498: result: $(prefix)/share/emacs/site-lisp/w3m/
configure:2660: checking where icon files should go
/usr/local/bin/emacs -q -no-site-file -batch -eval '(let ((x (let ((prefix "/usr/local")	      (default (expand-file-name "images/w3m" data-directory)))	  (if (and prefix		   (progn		     (setq prefix (file-name-as-directory prefix))		     (eq 0 (string-match (regexp-quote prefix) default))))	      (replace-match "$(prefix)/" nil nil default)	    default)))) (write-region (format "%s" x) nil "./conftest-63379" nil 5))'
=> $(prefix)/Cellar/emacs/24.3/share/emacs/24.3/etc/images/w3m
configure:2704: result: $(prefix)/Cellar/emacs/24.3/share/emacs/24.3/etc/images/w3m
configure:2750: checking for gzip
configure:2768: found /usr/bin/gzip
configure:2780: result: /usr/bin/gzip
configure:2961: creating ./config.status

## ---------------------- ##
## Running config.status. ##
## ---------------------- ##

This file was extended by config.status, which was
generated by GNU Autoconf 2.69.  Invocation command line was

  CONFIG_FILES    = 
  CONFIG_HEADERS  = 
  CONFIG_LINKS    = 
  CONFIG_COMMANDS = 
  $ ./config.status 

on yayu-osx

config.status:733: creating Makefile
config.status:733: creating doc/Makefile

## ---------------- ##
## Cache variables. ##
## ---------------- ##

EMACS_cv_SYS_flavor='Emacs 24.3'
EMACS_cv_SYS_icondir='$(prefix)/Cellar/emacs/24.3/share/emacs/24.3/etc/images/w3m'
EMACS_cv_SYS_prefix=/usr/local
ac_cv_env_build_alias_set=
ac_cv_env_build_alias_value=
ac_cv_env_host_alias_set=
ac_cv_env_host_alias_value=
ac_cv_env_target_alias_set=
ac_cv_env_target_alias_value=
ac_cv_path_EMACS=/usr/local/bin/emacs
ac_cv_path_GZIP_PROG=/usr/bin/gzip
ac_cv_path_install='/usr/bin/install -c'
ac_cv_prog_DVIPDFMX=dvipdfmx
ac_cv_prog_EGREP=egrep
ac_cv_prog_JBIBTEX=false
ac_cv_prog_MAKEINFO=makeinfo
ac_cv_prog_PTEX=ptex
ac_cv_prog_TEXI2DVI=texi2dvi
ac_cv_prog_TEXI2PDF=texi2pdf
ac_cv_prog_make_make_set=yes

## ----------------- ##
## Output variables. ##
## ----------------- ##

ADDITIONAL_LOAD_PATH='NONE'
COMPRESS_INSTALL='yes'
DEFS='-DPACKAGE_NAME=\"\" -DPACKAGE_TARNAME=\"\" -DPACKAGE_VERSION=\"\" -DPACKAGE_STRING=\"\" -DPACKAGE_BUGREPORT=\"\" -DPACKAGE_URL=\"\"'
DVIPDFMX='dvipdfmx'
ECHO_C='\c'
ECHO_N=''
ECHO_T=''
EGREP='egrep'
EMACS='/usr/local/bin/emacs'
GZIP_PROG='/usr/bin/gzip'
ICONDIR='$(prefix)/Cellar/emacs/24.3/share/emacs/24.3/etc/images/w3m'
INSTALL_DATA='${INSTALL} -m 644'
INSTALL_PROGRAM='${INSTALL}'
INSTALL_SCRIPT='${INSTALL}'
JBIBTEX='false'
LIBOBJS=''
LIBS=''
LTLIBOBJS=''
MAKEINFO='makeinfo'
PACKAGEDIR='NONE'
PACKAGE_BUGREPORT=''
PACKAGE_NAME=''
PACKAGE_STRING=''
PACKAGE_TARNAME=''
PACKAGE_URL=''
PACKAGE_VERSION=''
PATH_SEPARATOR=':'
PTEX='ptex'
SET_MAKE=''
SHELL='/bin/sh'
TEXI2DVI='texi2dvi'
TEXI2PDF='texi2pdf'
VANILLA_FLAG='-q -no-site-file'
XEMACSDEBUG=''
bindir='${exec_prefix}/bin'
build_alias=''
datadir='${datarootdir}'
datarootdir='${prefix}/share'
docdir='${datarootdir}/doc/${PACKAGE}'
dvidir='${docdir}'
exec_prefix='${prefix}'
host_alias=''
htmldir='${docdir}'
includedir='${prefix}/include'
infodir='${datarootdir}/info'
libdir='${exec_prefix}/lib'
libexecdir='${exec_prefix}/libexec'
lispdir='$(prefix)/share/emacs/site-lisp/w3m'
localedir='${datarootdir}/locale'
localstatedir='${prefix}/var'
mandir='${datarootdir}/man'
oldincludedir='/usr/include'
pdfdir='${docdir}'
prefix='/usr/local'
program_transform_name='s,x,x,'
psdir='${docdir}'
sbindir='${exec_prefix}/sbin'
sharedstatedir='${prefix}/com'
sysconfdir='${prefix}/etc'
target_alias=''

## ----------- ##
## confdefs.h. ##
## ----------- ##

/* confdefs.h */
#define PACKAGE_NAME ""
#define PACKAGE_TARNAME ""
#define PACKAGE_VERSION ""
#define PACKAGE_STRING ""
#define PACKAGE_BUGREPORT ""
#define PACKAGE_URL ""

configure: exit 0
